<?xml version="1.0" encoding="UTF-8"?>
<coverage generated="1673127123752" clover="3.2.0">
  <project timestamp="1673127123752" name="All files">
    <metrics statements="4" coveredstatements="4" conditionals="0" coveredconditionals="0" methods="2" coveredmethods="2" elements="6" coveredelements="6" complexity="0" loc="4" ncloc="4" packages="2" files="2" classes="2"/>
    <package name="vitest-write-your-first-test-by-fabio-biondi">
      <metrics statements="3" coveredstatements="3" conditionals="0" coveredconditionals="0" methods="1" coveredmethods="1"/>
      <file name="setupTests.ts" path="/Users/emanuelegurini/Documents/1-Projects/Developer/vitest-write-your-first-test-by-fabio-biondi/setupTests.ts">
        <metrics statements="3" coveredstatements="3" conditionals="0" coveredconditionals="0" methods="1" coveredmethods="1"/>
        <line num="6" count="1" type="stmt"/>
        <line num="9" count="1" type="stmt"/>
        <line num="10" count="1" type="stmt"/>
      </file>
    </package>
    <package name="vitest-write-your-first-test-by-fabio-biondi.src.components">
      <metrics statements="1" coveredstatements="1" conditionals="0" coveredconditionals="0" methods="1" coveredmethods="1"/>
      <file name="Hello.tsx" path="/Users/emanuelegurini/Documents/1-Projects/Developer/vitest-write-your-first-test-by-fabio-biondi/src/components/Hello.tsx">
        <metrics statements="1" coveredstatements="1" conditionals="0" coveredconditionals="0" methods="1" coveredmethods="1"/>
        <line num="2" count="1" type="stmt"/>
      </file>
    </package>
  </project>
</coverage>
