{"/Users/emanuelegurini/Documents/1-Projects/Developer/vitest-write-your-first-test-by-fabio-biondi/setupTests.ts": {"path":"/Users/emanuelegurini/Documents/1-Projects/Developer/vitest-write-your-first-test-by-fabio-biondi/setupTests.ts","statementMap":{"0":{"start":{"line":6,"column":0},"end":{"line":6,"column":null}},"1":{"start":{"line":9,"column":0},"end":{"line":11,"column":null}},"2":{"start":{"line":10,"column":2},"end":{"line":10,"column":null}}},"fnMap":{"0":{"name":"(anonymous_0)","decl":{"start":{"line":9,"column":10},"end":{"line":9,"column":16}},"loc":{"start":{"line":9,"column":16},"end":{"line":11,"column":1}}}},"branchMap":{},"s":{"0":1,"1":1,"2":1},"f":{"0":1},"b":{}}
,"/Users/emanuelegurini/Documents/1-Projects/Developer/vitest-write-your-first-test-by-fabio-biondi/src/components/Hello.tsx": {"path":"/Users/emanuelegurini/Documents/1-Projects/Developer/vitest-write-your-first-test-by-fabio-biondi/src/components/Hello.tsx","statementMap":{"0":{"start":{"line":2,"column":2},"end":{"line":2,"column":null}}},"fnMap":{"0":{"name":"Hello","decl":{"start":{"line":1,"column":24},"end":{"line":1,"column":32}},"loc":{"start":{"line":1,"column":32},"end":{"line":3,"column":null}}}},"branchMap":{},"s":{"0":1},"f":{"0":1},"b":{}}
}
